Arguments: 
  /usr/local/bin/node /usr/local/bin/yarn i

PATH: 
  /home/chandler/.linuxbrew/bin:/home/chandler/bin:/home/chandler/.local/bin:/usr/local/sbin:/usr/local/bin:/usr/sbin:/usr/bin:/sbin:/bin:/usr/games:/usr/local/games

Yarn version: 
  1.5.1

Node version: 
  8.10.0

Platform: 
  linux x64

npm manifest: 
  {
    "name": "eduonix",
    "version": "0.1.0",
    "private": true,
    "dependencies": {
      "bootstrap": "*",
      "cheerio": "^0.22.0",
      "cheerio-without-node-native": "^0.20.2",
      "copyfiles": "*",
      "create-react-class": "*",
      "npm": "^5.7.1",
      "react": "*",
      "react-addons-linked-state-mixin": "^15.6.2",
      "react-bootstrap": "*",
      "react-dom": "*",
      "react-native-fence-html": "^1.0.6",
      "react-router-dom": "^4.2.2",
      "react-scripts": "*",
      "react-transition-group": "^2.2.1",
      "reactstrap": "^4.8.0",
      "uws": "^9.14.0"
    },
    "scripts": {
      "start": "react-scripts start",
      "build": "react-scripts build && copy build server/build",
      "test": "react-scripts test --env=jsdom",
      "eject": "react-scripts eject",
      "lint": "eslint **/*.js"
    },
    "devDependencies": {
      "eslint-plugin-react": "^7.5.1",
      "grunt": "^1.0.1",
      "grunt-contrib-less": "^1.4.1",
      "grunt-contrib-watch": "^1.0.0",
      "less-plugin-autoprefix": "^1.5.1",
      "less-plugin-clean-css": "^1.5.1"
    }
  }

yarn manifest: 
  No manifest

Lockfile: 
  No lockfile

Trace: 
  Error: Command "i" not found.
      at new MessageError (/usr/local/lib/node_modules/yarn/lib/cli.js:186:110)
      at /usr/local/lib/node_modules/yarn/lib/cli.js:87307:17
      at Generator.next (<anonymous>)
      at step (/usr/local/lib/node_modules/yarn/lib/cli.js:98:30)
      at /usr/local/lib/node_modules/yarn/lib/cli.js:116:14
      at new Promise (<anonymous>)
      at new F (/usr/local/lib/node_modules/yarn/lib/cli.js:23451:28)
      at /usr/local/lib/node_modules/yarn/lib/cli.js:95:12
      at runCommand (/usr/local/lib/node_modules/yarn/lib/cli.js:87312:22)
      at Object.<anonymous> (/usr/local/lib/node_modules/yarn/lib/cli.js:87412:14)
